Model: "sequential"
_________________________________________________________________
 Layer (type)                Output Shape              Param #   
=================================================================
 lstm (LSTM)                 (None, 512)               1112064   
                                                                 
 flatten (Flatten)           (None, 512)               0         
                                                                 
 dense (Dense)               (None, 128)               65664     
                                                                 
 dense_1 (Dense)             (None, 1)                 129       
                                                                 
=================================================================
Total params: 1,177,857
Trainable params: 1,177,857
Non-trainable params: 0
_________________________________________________________________
Model: "sequential_1"
_________________________________________________________________
 Layer (type)                Output Shape              Param #   
=================================================================
 dense_2 (Dense)             (None, 15)                1515      
                                                                 
 reshape (Reshape)           (None, 15, 1)             0         
                                                                 
 up_sampling1d (UpSampling1D  (None, 30, 1)            0         
 )                                                               
                                                                 
 lstm_1 (LSTM)               (None, 512)               1052672   
                                                                 
 batch_normalization (BatchN  (None, 512)              2048      
 ormalization)                                                   
                                                                 
 activation (Activation)     (None, 512)               0         
                                                                 
 dense_3 (Dense)             (None, 128)               65664     
                                                                 
 dense_4 (Dense)             (None, 30)                3870      
                                                                 
=================================================================
Total params: 1,125,769
Trainable params: 1,124,745
Non-trainable params: 1,024
_________________________________________________________________
0 [D loss: 0.694040, acc.: 37.50%] [G loss: 0.692279]
1 [D loss: 0.691624, acc.: 50.00%] [G loss: 0.692785]
2 [D loss: 0.690764, acc.: 50.00%] [G loss: 0.692958]
3 [D loss: 0.690371, acc.: 50.00%] [G loss: 0.692999]
4 [D loss: 0.689348, acc.: 50.00%] [G loss: 0.692983]
5 [D loss: 0.688608, acc.: 50.00%] [G loss: 0.693188]
6 [D loss: 0.685866, acc.: 45.70%] [G loss: 0.693223]
7 [D loss: 0.683774, acc.: 44.92%] [G loss: 0.691772]
8 [D loss: 0.676228, acc.: 50.00%] [G loss: 0.689768]
9 [D loss: 0.765294, acc.: 46.48%] [G loss: 0.687777]
10 [D loss: 0.609999, acc.: 46.88%] [G loss: 0.691019]
11 [D loss: 0.619135, acc.: 50.39%] [G loss: 0.680118]
12 [D loss: 0.574430, acc.: 55.86%] [G loss: 0.652542]
13 [D loss: 0.497638, acc.: 51.56%] [G loss: 0.485159]
14 [D loss: 1.631151, acc.: 50.00%] [G loss: 0.499266]
15 [D loss: 0.840523, acc.: 50.00%] [G loss: 0.603406]
16 [D loss: 0.747818, acc.: 50.00%] [G loss: 0.621235]
17 [D loss: 0.732234, acc.: 50.78%] [G loss: 0.627093]
18 [D loss: 0.723625, acc.: 50.00%] [G loss: 0.627524]
19 [D loss: 0.726198, acc.: 50.39%] [G loss: 0.642328]
20 [D loss: 0.720731, acc.: 50.78%] [G loss: 0.639447]
21 [D loss: 0.716775, acc.: 50.00%] [G loss: 0.642219]
22 [D loss: 0.718700, acc.: 50.00%] [G loss: 0.648704]
23 [D loss: 0.713111, acc.: 50.39%] [G loss: 0.650860]
24 [D loss: 0.709310, acc.: 50.00%] [G loss: 0.660185]
25 [D loss: 0.706500, acc.: 50.00%] [G loss: 0.662223]
26 [D loss: 0.704486, acc.: 50.39%] [G loss: 0.666195]
27 [D loss: 0.705994, acc.: 50.00%] [G loss: 0.667889]
28 [D loss: 0.701004, acc.: 51.17%] [G loss: 0.678246]
29 [D loss: 0.697996, acc.: 51.56%] [G loss: 0.680406]
30 [D loss: 0.695548, acc.: 53.91%] [G loss: 0.684694]
31 [D loss: 0.693303, acc.: 58.20%] [G loss: 0.691735]
32 [D loss: 0.692673, acc.: 63.67%] [G loss: 0.693250]
33 [D loss: 0.689126, acc.: 71.48%] [G loss: 0.703102]
34 [D loss: 0.686863, acc.: 70.70%] [G loss: 0.708266]
35 [D loss: 0.684066, acc.: 71.88%] [G loss: 0.716015]
36 [D loss: 0.678732, acc.: 75.78%] [G loss: 0.729510]
37 [D loss: 0.675291, acc.: 73.44%] [G loss: 0.738901]
38 [D loss: 0.669506, acc.: 75.78%] [G loss: 0.698924]
39 [D loss: 0.674878, acc.: 70.31%] [G loss: 0.677386]
40 [D loss: 0.676943, acc.: 69.53%] [G loss: 0.675844]
41 [D loss: 0.682429, acc.: 66.41%] [G loss: 0.674370]
42 [D loss: 0.686339, acc.: 67.97%] [G loss: 0.673532]
43 [D loss: 0.688977, acc.: 66.80%] [G loss: 0.672482]
44 [D loss: 0.691731, acc.: 62.11%] [G loss: 0.672023]
45 [D loss: 0.700506, acc.: 50.39%] [G loss: 0.672183]
46 [D loss: 0.695803, acc.: 62.11%] [G loss: 0.672156]
47 [D loss: 0.702386, acc.: 41.80%] [G loss: 0.672116]
48 [D loss: 0.709341, acc.: 30.47%] [G loss: 0.672991]
49 [D loss: 0.704188, acc.: 31.64%] [G loss: 0.674068]
50 [D loss: 0.701171, acc.: 37.50%] [G loss: 0.675221]
51 [D loss: 0.701818, acc.: 37.11%] [G loss: 0.676917]
52 [D loss: 0.700851, acc.: 35.94%] [G loss: 0.678573]
53 [D loss: 0.701760, acc.: 36.72%] [G loss: 0.680696]
54 [D loss: 0.699263, acc.: 38.28%] [G loss: 0.682549]
55 [D loss: 0.697988, acc.: 39.45%] [G loss: 0.684468]
56 [D loss: 0.696270, acc.: 40.23%] [G loss: 0.686012]
57 [D loss: 0.696441, acc.: 38.28%] [G loss: 0.687941]
58 [D loss: 0.696039, acc.: 37.11%] [G loss: 0.689668]
59 [D loss: 0.695148, acc.: 38.28%] [G loss: 0.691503]
60 [D loss: 0.694136, acc.: 39.45%] [G loss: 0.693133]
61 [D loss: 0.694206, acc.: 44.92%] [G loss: 0.694848]
62 [D loss: 0.693238, acc.: 83.20%] [G loss: 0.696637]
63 [D loss: 0.692219, acc.: 81.64%] [G loss: 0.698338]
64 [D loss: 0.692301, acc.: 70.31%] [G loss: 0.700120]
65 [D loss: 0.690383, acc.: 70.70%] [G loss: 0.701851]
66 [D loss: 0.690142, acc.: 63.67%] [G loss: 0.703754]
67 [D loss: 0.689666, acc.: 62.89%] [G loss: 0.705566]
68 [D loss: 0.689287, acc.: 62.11%] [G loss: 0.707018]
69 [D loss: 0.688937, acc.: 64.06%] [G loss: 0.708704]
70 [D loss: 0.688723, acc.: 65.62%] [G loss: 0.710360]
71 [D loss: 0.688941, acc.: 66.02%] [G loss: 0.711653]
72 [D loss: 0.689362, acc.: 65.62%] [G loss: 0.712854]
73 [D loss: 0.689939, acc.: 62.50%] [G loss: 0.713474]
74 [D loss: 0.691766, acc.: 60.94%] [G loss: 0.713673]
75 [D loss: 0.691201, acc.: 64.84%] [G loss: 0.714017]
76 [D loss: 0.692776, acc.: 53.12%] [G loss: 0.713695]
77 [D loss: 0.692693, acc.: 54.30%] [G loss: 0.713278]
78 [D loss: 0.691664, acc.: 62.89%] [G loss: 0.713107]
79 [D loss: 0.691922, acc.: 46.48%] [G loss: 0.713059]
80 [D loss: 0.693754, acc.: 43.75%] [G loss: 0.712959]
81 [D loss: 0.692841, acc.: 47.66%] [G loss: 0.712425]
82 [D loss: 0.695008, acc.: 33.59%] [G loss: 0.711750]
83 [D loss: 0.694377, acc.: 45.31%] [G loss: 0.710334]
84 [D loss: 0.690724, acc.: 58.59%] [G loss: 0.709225]
85 [D loss: 0.691660, acc.: 50.78%] [G loss: 0.707928]
86 [D loss: 0.689802, acc.: 49.61%] [G loss: 0.706909]
87 [D loss: 0.689389, acc.: 53.12%] [G loss: 0.705607]
88 [D loss: 0.683491, acc.: 60.94%] [G loss: 0.704588]
89 [D loss: 0.686497, acc.: 52.34%] [G loss: 0.704163]
90 [D loss: 0.675666, acc.: 61.33%] [G loss: 0.705347]
91 [D loss: 0.665910, acc.: 62.50%] [G loss: 0.706779]
92 [D loss: 0.654790, acc.: 63.67%] [G loss: 0.710179]
93 [D loss: 0.643887, acc.: 58.59%] [G loss: 0.716310]
94 [D loss: 0.596991, acc.: 55.86%] [G loss: 0.726184]
95 [D loss: 0.555741, acc.: 55.08%] [G loss: 0.742025]
96 [D loss: 0.555069, acc.: 56.64%] [G loss: 0.751648]
97 [D loss: 0.556040, acc.: 46.09%] [G loss: 0.735970]
98 [D loss: 0.562580, acc.: 46.88%] [G loss: 0.717441]
99 [D loss: 0.475018, acc.: 39.45%] [G loss: 0.674686]
100 [D loss: 0.479359, acc.: 80.47%] [G loss: 0.635541]
101 [D loss: 0.525773, acc.: 73.83%] [G loss: 0.601842]
102 [D loss: 0.487506, acc.: 78.91%] [G loss: 0.574496]
103 [D loss: 0.487702, acc.: 77.73%] [G loss: 0.539393]
104 [D loss: 0.471658, acc.: 78.91%] [G loss: 0.499251]
105 [D loss: 0.479197, acc.: 82.03%] [G loss: 0.462487]
106 [D loss: 0.505791, acc.: 78.91%] [G loss: 0.438368]
107 [D loss: 0.487594, acc.: 79.30%] [G loss: 0.425648]
108 [D loss: 0.479541, acc.: 80.86%] [G loss: 0.424646]
109 [D loss: 0.438367, acc.: 83.20%] [G loss: 0.403154]
110 [D loss: 0.659417, acc.: 67.97%] [G loss: 0.407796]
111 [D loss: 0.539361, acc.: 71.09%] [G loss: 0.423946]
112 [D loss: 0.654676, acc.: 67.19%] [G loss: 0.446952]
113 [D loss: 0.714122, acc.: 59.77%] [G loss: 0.479989]
114 [D loss: 0.705076, acc.: 54.30%] [G loss: 0.513255]
115 [D loss: 0.661363, acc.: 61.33%] [G loss: 0.532617]
116 [D loss: 0.753017, acc.: 44.14%] [G loss: 0.566551]
117 [D loss: 0.587467, acc.: 68.36%] [G loss: 0.575737]
118 [D loss: 0.637670, acc.: 59.77%] [G loss: 0.573320]
119 [D loss: 0.679228, acc.: 55.47%] [G loss: 0.584470]
120 [D loss: 0.732347, acc.: 42.97%] [G loss: 0.605895]
121 [D loss: 0.655985, acc.: 60.94%] [G loss: 0.617394]
122 [D loss: 0.694159, acc.: 53.12%] [G loss: 0.623662]
123 [D loss: 0.713905, acc.: 44.53%] [G loss: 0.633318]
124 [D loss: 0.709796, acc.: 42.58%] [G loss: 0.645654]
125 [D loss: 0.700728, acc.: 47.66%] [G loss: 0.655232]
126 [D loss: 0.702452, acc.: 49.22%] [G loss: 0.666191]
127 [D loss: 0.697444, acc.: 48.83%] [G loss: 0.680336]
128 [D loss: 0.690203, acc.: 49.61%] [G loss: 0.695494]
129 [D loss: 0.683084, acc.: 93.36%] [G loss: 0.709891]
130 [D loss: 0.675935, acc.: 83.98%] [G loss: 0.723878]
131 [D loss: 0.667814, acc.: 74.22%] [G loss: 0.735769]
132 [D loss: 0.660244, acc.: 72.66%] [G loss: 0.747398]
133 [D loss: 0.667852, acc.: 64.84%] [G loss: 0.757721]
134 [D loss: 0.684889, acc.: 55.47%] [G loss: 0.821715]
135 [D loss: 0.531734, acc.: 52.34%] [G loss: 0.785846]
136 [D loss: 0.471232, acc.: 52.34%] [G loss: 0.782956]
137 [D loss: 0.478627, acc.: 54.30%] [G loss: 0.776515]
138 [D loss: 0.454028, acc.: 55.08%] [G loss: 0.763794]
139 [D loss: 0.456257, acc.: 55.47%] [G loss: 0.750018]
140 [D loss: 0.445742, acc.: 57.81%] [G loss: 0.730763]
141 [D loss: 0.426132, acc.: 65.23%] [G loss: 0.707895]
142 [D loss: 0.441513, acc.: 73.83%] [G loss: 0.685866]
143 [D loss: 0.418640, acc.: 88.67%] [G loss: 0.654667]
144 [D loss: 0.430325, acc.: 87.50%] [G loss: 0.622914]
145 [D loss: 0.424693, acc.: 86.33%] [G loss: 0.584775]
146 [D loss: 0.396819, acc.: 88.67%] [G loss: 0.540663]
147 [D loss: 0.420581, acc.: 88.67%] [G loss: 0.486313]
148 [D loss: 0.522673, acc.: 75.00%] [G loss: 0.445600]
149 [D loss: 0.537192, acc.: 71.09%] [G loss: 0.421712]
150 [D loss: 0.629928, acc.: 62.50%] [G loss: 0.435001]
151 [D loss: 0.565096, acc.: 71.48%] [G loss: 0.452015]
152 [D loss: 0.912030, acc.: 41.80%] [G loss: 0.535155]
153 [D loss: 0.704619, acc.: 50.00%] [G loss: 0.574735]
154 [D loss: 0.704953, acc.: 50.00%] [G loss: 0.598140]
155 [D loss: 0.703215, acc.: 50.00%] [G loss: 0.615125]
156 [D loss: 0.702023, acc.: 50.00%] [G loss: 0.629467]
157 [D loss: 0.700333, acc.: 50.00%] [G loss: 0.641807]
158 [D loss: 0.698382, acc.: 50.00%] [G loss: 0.652380]
159 [D loss: 0.697414, acc.: 50.00%] [G loss: 0.661629]
160 [D loss: 0.696238, acc.: 50.00%] [G loss: 0.670650]
161 [D loss: 0.695309, acc.: 50.00%] [G loss: 0.678735]
162 [D loss: 0.694832, acc.: 50.00%] [G loss: 0.686596]
163 [D loss: 0.693678, acc.: 50.00%] [G loss: 0.694551]
164 [D loss: 0.692590, acc.: 42.97%] [G loss: 0.701489]
165 [D loss: 0.692836, acc.: 43.36%] [G loss: 0.707960]
166 [D loss: 0.690696, acc.: 64.45%] [G loss: 0.714757]
167 [D loss: 0.691754, acc.: 53.91%] [G loss: 0.720542]
168 [D loss: 0.690159, acc.: 53.52%] [G loss: 0.726025]
169 [D loss: 0.690873, acc.: 50.78%] [G loss: 0.730927]
170 [D loss: 0.690187, acc.: 51.17%] [G loss: 0.735416]
171 [D loss: 0.690965, acc.: 50.39%] [G loss: 0.739548]
172 [D loss: 0.690984, acc.: 50.00%] [G loss: 0.743392]
173 [D loss: 0.690519, acc.: 50.00%] [G loss: 0.746800]
174 [D loss: 0.691103, acc.: 50.00%] [G loss: 0.749058]
175 [D loss: 0.692691, acc.: 50.00%] [G loss: 0.750145]
176 [D loss: 0.692532, acc.: 50.00%] [G loss: 0.751177]
177 [D loss: 0.694218, acc.: 50.00%] [G loss: 0.750843]
178 [D loss: 0.694527, acc.: 50.00%] [G loss: 0.750719]
179 [D loss: 0.696364, acc.: 50.00%] [G loss: 0.749090]
180 [D loss: 0.696662, acc.: 50.00%] [G loss: 0.746551]
181 [D loss: 0.696914, acc.: 50.00%] [G loss: 0.743849]
182 [D loss: 0.697220, acc.: 50.00%] [G loss: 0.741055]
183 [D loss: 0.696669, acc.: 50.00%] [G loss: 0.738283]
184 [D loss: 0.697560, acc.: 50.00%] [G loss: 0.735272]
185 [D loss: 0.696322, acc.: 50.00%] [G loss: 0.732475]
186 [D loss: 0.698056, acc.: 50.00%] [G loss: 0.729098]
187 [D loss: 0.696173, acc.: 50.00%] [G loss: 0.726698]
188 [D loss: 0.702826, acc.: 28.12%] [G loss: 0.721202]
189 [D loss: 0.699030, acc.: 28.52%] [G loss: 0.715502]
190 [D loss: 0.698010, acc.: 25.39%] [G loss: 0.711454]
191 [D loss: 0.695980, acc.: 28.12%] [G loss: 0.708787]
192 [D loss: 0.695834, acc.: 28.52%] [G loss: 0.706629]
193 [D loss: 0.695621, acc.: 26.95%] [G loss: 0.705086]
194 [D loss: 0.695234, acc.: 25.39%] [G loss: 0.703670]
195 [D loss: 0.698563, acc.: 9.38%] [G loss: 0.700236]
196 [D loss: 0.697468, acc.: 21.48%] [G loss: 0.695869]
197 [D loss: 0.695250, acc.: 44.53%] [G loss: 0.693067]
198 [D loss: 0.695024, acc.: 48.44%] [G loss: 0.691334]
199 [D loss: 0.696419, acc.: 51.56%] [G loss: 0.688600]
Real max value: 0.95, fake max value: 0.89
Real min value: 0.46, fake min value: -0.27
Real mean value: 0.68, fake mean value: 0.42
Real range: 0.49, fake range: 1.16
Real mean consecutive diff: -0.01, fake mean consecutive diff: 0.02
